g:\浏览器下载\mini_tcp_ip\mini_tcp_ip\x64\debug\vc143.pdb
g:\浏览器下载\mini_tcp_ip\mini_tcp_ip\x64\debug\vc143.idb
g:\浏览器下载\mini_tcp_ip\mini_tcp_ip\x64\debug\xnet_tiny.obj
g:\浏览器下载\mini_tcp_ip\mini_tcp_ip\x64\debug\xserver_http.obj
g:\浏览器下载\mini_tcp_ip\mini_tcp_ip\x64\debug\xserver_datetime.obj
g:\浏览器下载\mini_tcp_ip\mini_tcp_ip\x64\debug\port_pcap.obj
g:\浏览器下载\mini_tcp_ip\mini_tcp_ip\x64\debug\app.obj
g:\浏览器下载\mini_tcp_ip\mini_tcp_ip\x64\debug\pcap_device.obj
d:\mini_tcp_ip\mini_tcp_ip\x64\debug\vc143.pdb
d:\mini_tcp_ip\mini_tcp_ip\x64\debug\vc143.idb
d:\mini_tcp_ip\mini_tcp_ip\x64\debug\xnet_tiny.obj
d:\mini_tcp_ip\mini_tcp_ip\x64\debug\xserver_http.obj
d:\mini_tcp_ip\mini_tcp_ip\x64\debug\xserver_datetime.obj
d:\mini_tcp_ip\mini_tcp_ip\x64\debug\port_pcap.obj
d:\mini_tcp_ip\mini_tcp_ip\x64\debug\app.obj
d:\mini_tcp_ip\mini_tcp_ip\x64\debug\pcap_device.obj
g:\浏览器下载\mini_tcp_ip\mini_tcp_ip\x64\debug\mini_tcp_ip.exe
g:\浏览器下载\mini_tcp_ip\mini_tcp_ip\x64\debug\mini_tcp_ip.ilk
g:\浏览器下载\mini_tcp_ip\mini_tcp_ip\x64\debug\mini_tcp_ip.pdb
d:\mini_tcp_ip\mini_tcp_ip\x64\debug\mini_tcp_ip.exe
d:\mini_tcp_ip\mini_tcp_ip\x64\debug\mini_tcp_ip.ilk
d:\mini_tcp_ip\mini_tcp_ip\x64\debug\mini_tcp_ip.pdb
d:\mini_tcp_ip\mini_tcp_ip\x64\debug\mini_tcp_ip.tlog\cl.command.1.tlog
d:\mini_tcp_ip\mini_tcp_ip\x64\debug\mini_tcp_ip.tlog\cl.read.1.tlog
d:\mini_tcp_ip\mini_tcp_ip\x64\debug\mini_tcp_ip.tlog\cl.write.1.tlog
d:\mini_tcp_ip\mini_tcp_ip\x64\debug\mini_tcp_ip.tlog\link.command.1.tlog
d:\mini_tcp_ip\mini_tcp_ip\x64\debug\mini_tcp_ip.tlog\link.read.1.tlog
d:\mini_tcp_ip\mini_tcp_ip\x64\debug\mini_tcp_ip.tlog\link.write.1.tlog
